2026-02-23 17:04:22	admin	login	
2026-02-23 17:09:05	admin	cerrar_sesion	
2026-02-23 18:22:00	admin	login	maestro
2026-02-23 18:32:44	admin	gasto_registrado	RG-2026-02-23-18-32-44 $5.00 Gasto
2026-02-23 21:21:20	admin	login	maestro
2026-02-23 21:32:29	admin	login	maestro
2026-02-23 21:39:47	admin	login	maestro
2026-02-23 21:45:00	admin	login	maestro
2026-02-23 21:50:55	admin	login	maestro
2026-02-23 21:52:13	admin	registro_eliminado	T-20260221193504
2026-02-23 21:52:18	admin	registro_eliminado	AC-2026-02-21-22-37-31
2026-02-23 21:52:29	admin	registro_eliminado	AC-2026-02-21-22-41-18
2026-02-23 21:52:35	admin	registro_eliminado	AC-2026-02-21-22-48-33
2026-02-23 21:52:40	admin	registro_eliminado	AC-2026-02-21-23-06-17
2026-02-23 21:52:43	admin	registro_eliminado	AC-2026-02-21-23-09-31
2026-02-23 21:52:45	admin	registro_eliminado	AC-2026-02-21-23-40-56
2026-02-23 21:52:49	admin	registro_eliminado	RG-2026-02-21-23-41-09
2026-02-23 21:59:06	admin	login	maestro
2026-02-23 22:33:36	admin	login	maestro
2026-02-23 22:36:29	admin	registro_eliminado_masa	1
2026-02-23 22:47:21	admin	login	maestro
2026-02-23 23:21:21	admin	login	maestro
2026-02-23 23:39:33	admin	login	maestro
2026-02-23 23:47:35	admin	login	maestro
2026-02-24 00:00:06	admin	login	maestro
2026-02-24 00:08:54	admin	login	maestro
2026-02-24 01:07:37	admin	login	maestro
2026-02-24 01:11:04	admin	login	maestro
2026-02-24 01:13:57	admin	login	maestro
2026-02-24 01:15:58	admin	login	maestro
